{"/Users/thomasbutterworth/hobbyspace/calculator-rn/constants/Colors.ts": {"path":"/Users/thomasbutterworth/hobbyspace/calculator-rn/constants/Colors.ts","statementMap":{"0":{"start":{"line":1,"column":23},"end":{"line":1,"column":32}},"1":{"start":{"line":2,"column":22},"end":{"line":2,"column":28}},"2":{"start":{"line":4,"column":22},"end":{"line":35,"column":1}}},"fnMap":{},"branchMap":{},"s":{"0":1,"1":1,"2":1},"f":{},"b":{},"_coverageSchema":"1a1c01bbd47fc00a2c39e90264f33305004495a9","hash":"3cda0feb85a8159478e44b16f4a75cc284b589c0"}
,"/Users/thomasbutterworth/hobbyspace/calculator-rn/src/hooks/useButtonLayout.ts": {"path":"/Users/thomasbutterworth/hobbyspace/calculator-rn/src/hooks/useButtonLayout.ts","statementMap":{"0":{"start":{"line":9,"column":31},"end":{"line":73,"column":1}},"1":{"start":{"line":19,"column":22},"end":{"line":19,"column":38}},"2":{"start":{"line":20,"column":16},"end":{"line":20,"column":57}},"3":{"start":{"line":21,"column":24},"end":{"line":25,"column":4}},"4":{"start":{"line":26,"column":49},"end":{"line":30,"column":3}},"5":{"start":{"line":32,"column":2},"end":{"line":72,"column":4}},"6":{"start":{"line":38,"column":10},"end":{"line":43,"column":12}},"7":{"start":{"line":46,"column":35},"end":{"line":46,"column":52}},"8":{"start":{"line":49,"column":35},"end":{"line":49,"column":51}},"9":{"start":{"line":50,"column":35},"end":{"line":50,"column":51}},"10":{"start":{"line":51,"column":35},"end":{"line":51,"column":51}},"11":{"start":{"line":52,"column":35},"end":{"line":52,"column":52}},"12":{"start":{"line":55,"column":35},"end":{"line":55,"column":51}},"13":{"start":{"line":56,"column":35},"end":{"line":56,"column":51}},"14":{"start":{"line":57,"column":35},"end":{"line":57,"column":51}},"15":{"start":{"line":58,"column":35},"end":{"line":58,"column":52}},"16":{"start":{"line":61,"column":35},"end":{"line":61,"column":51}},"17":{"start":{"line":62,"column":35},"end":{"line":62,"column":51}},"18":{"start":{"line":63,"column":35},"end":{"line":63,"column":51}},"19":{"start":{"line":64,"column":35},"end":{"line":64,"column":52}},"20":{"start":{"line":67,"column":35},"end":{"line":67,"column":51}},"21":{"start":{"line":68,"column":35},"end":{"line":68,"column":51}}},"fnMap":{"0":{"name":"(anonymous_0)","decl":{"start":{"line":9,"column":31},"end":{"line":9,"column":32}},"loc":{"start":{"line":18,"column":32},"end":{"line":73,"column":1}},"line":18},"1":{"name":"(anonymous_1)","decl":{"start":{"line":37,"column":17},"end":{"line":37,"column":18}},"loc":{"start":{"line":38,"column":10},"end":{"line":43,"column":12}},"line":38},"2":{"name":"(anonymous_2)","decl":{"start":{"line":46,"column":29},"end":{"line":46,"column":30}},"loc":{"start":{"line":46,"column":35},"end":{"line":46,"column":52}},"line":46},"3":{"name":"(anonymous_3)","decl":{"start":{"line":49,"column":29},"end":{"line":49,"column":30}},"loc":{"start":{"line":49,"column":35},"end":{"line":49,"column":51}},"line":49},"4":{"name":"(anonymous_4)","decl":{"start":{"line":50,"column":29},"end":{"line":50,"column":30}},"loc":{"start":{"line":50,"column":35},"end":{"line":50,"column":51}},"line":50},"5":{"name":"(anonymous_5)","decl":{"start":{"line":51,"column":29},"end":{"line":51,"column":30}},"loc":{"start":{"line":51,"column":35},"end":{"line":51,"column":51}},"line":51},"6":{"name":"(anonymous_6)","decl":{"start":{"line":52,"column":29},"end":{"line":52,"column":30}},"loc":{"start":{"line":52,"column":35},"end":{"line":52,"column":52}},"line":52},"7":{"name":"(anonymous_7)","decl":{"start":{"line":55,"column":29},"end":{"line":55,"column":30}},"loc":{"start":{"line":55,"column":35},"end":{"line":55,"column":51}},"line":55},"8":{"name":"(anonymous_8)","decl":{"start":{"line":56,"column":29},"end":{"line":56,"column":30}},"loc":{"start":{"line":56,"column":35},"end":{"line":56,"column":51}},"line":56},"9":{"name":"(anonymous_9)","decl":{"start":{"line":57,"column":29},"end":{"line":57,"column":30}},"loc":{"start":{"line":57,"column":35},"end":{"line":57,"column":51}},"line":57},"10":{"name":"(anonymous_10)","decl":{"start":{"line":58,"column":29},"end":{"line":58,"column":30}},"loc":{"start":{"line":58,"column":35},"end":{"line":58,"column":52}},"line":58},"11":{"name":"(anonymous_11)","decl":{"start":{"line":61,"column":29},"end":{"line":61,"column":30}},"loc":{"start":{"line":61,"column":35},"end":{"line":61,"column":51}},"line":61},"12":{"name":"(anonymous_12)","decl":{"start":{"line":62,"column":29},"end":{"line":62,"column":30}},"loc":{"start":{"line":62,"column":35},"end":{"line":62,"column":51}},"line":62},"13":{"name":"(anonymous_13)","decl":{"start":{"line":63,"column":29},"end":{"line":63,"column":30}},"loc":{"start":{"line":63,"column":35},"end":{"line":63,"column":51}},"line":63},"14":{"name":"(anonymous_14)","decl":{"start":{"line":64,"column":29},"end":{"line":64,"column":30}},"loc":{"start":{"line":64,"column":35},"end":{"line":64,"column":52}},"line":64},"15":{"name":"(anonymous_15)","decl":{"start":{"line":67,"column":29},"end":{"line":67,"column":30}},"loc":{"start":{"line":67,"column":35},"end":{"line":67,"column":51}},"line":67},"16":{"name":"(anonymous_16)","decl":{"start":{"line":68,"column":29},"end":{"line":68,"column":30}},"loc":{"start":{"line":68,"column":35},"end":{"line":68,"column":51}},"line":68}},"branchMap":{"0":{"loc":{"start":{"line":20,"column":23},"end":{"line":20,"column":45}},"type":"binary-expr","locations":[{"start":{"line":20,"column":23},"end":{"line":20,"column":34}},{"start":{"line":20,"column":38},"end":{"line":20,"column":45}}],"line":20}},"s":{"0":1,"1":3,"2":3,"3":3,"4":3,"5":3,"6":0,"7":0,"8":0,"9":0,"10":0,"11":0,"12":0,"13":0,"14":0,"15":0,"16":0,"17":0,"18":0,"19":0,"20":0,"21":0},"f":{"0":3,"1":0,"2":0,"3":0,"4":0,"5":0,"6":0,"7":0,"8":0,"9":0,"10":0,"11":0,"12":0,"13":0,"14":0,"15":0,"16":0},"b":{"0":[3,0]},"_coverageSchema":"1a1c01bbd47fc00a2c39e90264f33305004495a9","hash":"cc3a25e14c5251857edc181b18ef8629587b19fa"}
,"/Users/thomasbutterworth/hobbyspace/calculator-rn/src/store/calculatorStore/handlers.ts": {"path":"/Users/thomasbutterworth/hobbyspace/calculator-rn/src/store/calculatorStore/handlers.ts","statementMap":{"0":{"start":{"line":11,"column":43},"end":{"line":18,"column":1}},"1":{"start":{"line":16,"column":33},"end":{"line":16,"column":38}},"2":{"start":{"line":17,"column":2},"end":{"line":17,"column":60}},"3":{"start":{"line":20,"column":45},"end":{"line":21,"column":33}},"4":{"start":{"line":21,"column":2},"end":{"line":21,"column":33}},"5":{"start":{"line":23,"column":33},"end":{"line":42,"column":1}},"6":{"start":{"line":24,"column":72},"end":{"line":24,"column":77}},"7":{"start":{"line":25,"column":23},"end":{"line":25,"column":43}},"8":{"start":{"line":27,"column":25},"end":{"line":27,"column":64}},"9":{"start":{"line":28,"column":25},"end":{"line":28,"column":53}},"10":{"start":{"line":30,"column":2},"end":{"line":41,"column":3}},"11":{"start":{"line":31,"column":4},"end":{"line":35,"column":7}},"12":{"start":{"line":37,"column":4},"end":{"line":40,"column":7}},"13":{"start":{"line":44,"column":33},"end":{"line":60,"column":1}},"14":{"start":{"line":45,"column":47},"end":{"line":45,"column":52}},"15":{"start":{"line":47,"column":2},"end":{"line":59,"column":3}},"16":{"start":{"line":48,"column":4},"end":{"line":51,"column":7}},"17":{"start":{"line":53,"column":23},"end":{"line":53,"column":48}},"18":{"start":{"line":54,"column":23},"end":{"line":54,"column":54}},"19":{"start":{"line":55,"column":4},"end":{"line":58,"column":7}},"20":{"start":{"line":62,"column":34},"end":{"line":86,"column":1}},"21":{"start":{"line":63,"column":72},"end":{"line":63,"column":77}},"22":{"start":{"line":64,"column":21},"end":{"line":64,"column":45}},"23":{"start":{"line":66,"column":2},"end":{"line":66,"column":31}},"24":{"start":{"line":66,"column":24},"end":{"line":66,"column":31}},"25":{"start":{"line":67,"column":2},"end":{"line":67,"column":54}},"26":{"start":{"line":67,"column":47},"end":{"line":67,"column":54}},"27":{"start":{"line":69,"column":2},"end":{"line":85,"column":3}},"28":{"start":{"line":70,"column":4},"end":{"line":75,"column":7}},"29":{"start":{"line":76,"column":9},"end":{"line":85,"column":3}},"30":{"start":{"line":77,"column":19},"end":{"line":77,"column":74}},"31":{"start":{"line":78,"column":4},"end":{"line":84,"column":7}},"32":{"start":{"line":88,"column":38},"end":{"line":92,"column":1}},"33":{"start":{"line":89,"column":24},"end":{"line":89,"column":49}},"34":{"start":{"line":90,"column":27},"end":{"line":90,"column":55}},"35":{"start":{"line":91,"column":2},"end":{"line":91,"column":26}},"36":{"start":{"line":94,"column":31},"end":{"line":120,"column":1}},"37":{"start":{"line":101,"column":6},"end":{"line":101,"column":11}},"38":{"start":{"line":102,"column":2},"end":{"line":102,"column":50}},"39":{"start":{"line":102,"column":43},"end":{"line":102,"column":50}},"40":{"start":{"line":104,"column":24},"end":{"line":104,"column":48}},"41":{"start":{"line":105,"column":17},"end":{"line":105,"column":75}},"42":{"start":{"line":106,"column":23},"end":{"line":106,"column":40}},"43":{"start":{"line":107,"column":33},"end":{"line":110,"column":3}},"44":{"start":{"line":112,"column":2},"end":{"line":119,"column":5}},"45":{"start":{"line":122,"column":27},"end":{"line":124,"column":1}},"46":{"start":{"line":123,"column":2},"end":{"line":123,"column":20}},"47":{"start":{"line":126,"column":42},"end":{"line":133,"column":1}},"48":{"start":{"line":131,"column":32},"end":{"line":131,"column":37}},"49":{"start":{"line":132,"column":2},"end":{"line":132,"column":58}},"50":{"start":{"line":135,"column":39},"end":{"line":137,"column":1}},"51":{"start":{"line":136,"column":2},"end":{"line":136,"column":29}}},"fnMap":{"0":{"name":"(anonymous_0)","decl":{"start":{"line":11,"column":43},"end":{"line":11,"column":44}},"loc":{"start":{"line":15,"column":26},"end":{"line":18,"column":1}},"line":15},"1":{"name":"(anonymous_1)","decl":{"start":{"line":20,"column":45},"end":{"line":20,"column":46}},"loc":{"start":{"line":21,"column":2},"end":{"line":21,"column":33}},"line":21},"2":{"name":"(anonymous_2)","decl":{"start":{"line":23,"column":33},"end":{"line":23,"column":34}},"loc":{"start":{"line":23,"column":76},"end":{"line":42,"column":1}},"line":23},"3":{"name":"(anonymous_3)","decl":{"start":{"line":44,"column":33},"end":{"line":44,"column":34}},"loc":{"start":{"line":44,"column":76},"end":{"line":60,"column":1}},"line":44},"4":{"name":"(anonymous_4)","decl":{"start":{"line":62,"column":34},"end":{"line":62,"column":35}},"loc":{"start":{"line":62,"column":78},"end":{"line":86,"column":1}},"line":62},"5":{"name":"(anonymous_5)","decl":{"start":{"line":88,"column":38},"end":{"line":88,"column":39}},"loc":{"start":{"line":88,"column":77},"end":{"line":92,"column":1}},"line":88},"6":{"name":"(anonymous_6)","decl":{"start":{"line":94,"column":31},"end":{"line":94,"column":32}},"loc":{"start":{"line":94,"column":74},"end":{"line":120,"column":1}},"line":94},"7":{"name":"(anonymous_7)","decl":{"start":{"line":122,"column":27},"end":{"line":122,"column":28}},"loc":{"start":{"line":122,"column":54},"end":{"line":124,"column":1}},"line":122},"8":{"name":"(anonymous_8)","decl":{"start":{"line":126,"column":42},"end":{"line":126,"column":43}},"loc":{"start":{"line":130,"column":26},"end":{"line":133,"column":1}},"line":130},"9":{"name":"(anonymous_9)","decl":{"start":{"line":135,"column":39},"end":{"line":135,"column":40}},"loc":{"start":{"line":135,"column":66},"end":{"line":137,"column":1}},"line":135}},"branchMap":{"0":{"loc":{"start":{"line":27,"column":25},"end":{"line":27,"column":64}},"type":"cond-expr","locations":[{"start":{"line":27,"column":40},"end":{"line":27,"column":43}},{"start":{"line":27,"column":46},"end":{"line":27,"column":64}}],"line":27},"1":{"loc":{"start":{"line":30,"column":2},"end":{"line":41,"column":3}},"type":"if","locations":[{"start":{"line":30,"column":2},"end":{"line":41,"column":3}},{"start":{"line":36,"column":9},"end":{"line":41,"column":3}}],"line":30},"2":{"loc":{"start":{"line":47,"column":2},"end":{"line":59,"column":3}},"type":"if","locations":[{"start":{"line":47,"column":2},"end":{"line":59,"column":3}},{"start":{"line":52,"column":9},"end":{"line":59,"column":3}}],"line":47},"3":{"loc":{"start":{"line":66,"column":2},"end":{"line":66,"column":31}},"type":"if","locations":[{"start":{"line":66,"column":2},"end":{"line":66,"column":31}},{"start":{},"end":{}}],"line":66},"4":{"loc":{"start":{"line":67,"column":2},"end":{"line":67,"column":54}},"type":"if","locations":[{"start":{"line":67,"column":2},"end":{"line":67,"column":54}},{"start":{},"end":{}}],"line":67},"5":{"loc":{"start":{"line":69,"column":2},"end":{"line":85,"column":3}},"type":"if","locations":[{"start":{"line":69,"column":2},"end":{"line":85,"column":3}},{"start":{"line":76,"column":9},"end":{"line":85,"column":3}}],"line":69},"6":{"loc":{"start":{"line":76,"column":9},"end":{"line":85,"column":3}},"type":"if","locations":[{"start":{"line":76,"column":9},"end":{"line":85,"column":3}},{"start":{},"end":{}}],"line":76},"7":{"loc":{"start":{"line":102,"column":2},"end":{"line":102,"column":50}},"type":"if","locations":[{"start":{"line":102,"column":2},"end":{"line":102,"column":50}},{"start":{},"end":{}}],"line":102},"8":{"loc":{"start":{"line":102,"column":6},"end":{"line":102,"column":41}},"type":"binary-expr","locations":[{"start":{"line":102,"column":6},"end":{"line":102,"column":27}},{"start":{"line":102,"column":31},"end":{"line":102,"column":41}}],"line":102}},"s":{"0":1,"1":1,"2":1,"3":1,"4":1,"5":1,"6":1,"7":1,"8":1,"9":1,"10":1,"11":0,"12":1,"13":1,"14":1,"15":1,"16":0,"17":1,"18":1,"19":1,"20":1,"21":1,"22":1,"23":1,"24":0,"25":1,"26":0,"27":1,"28":1,"29":0,"30":0,"31":0,"32":1,"33":1,"34":1,"35":1,"36":1,"37":1,"38":1,"39":0,"40":1,"41":1,"42":1,"43":1,"44":1,"45":1,"46":1,"47":1,"48":1,"49":1,"50":1,"51":0},"f":{"0":1,"1":1,"2":1,"3":1,"4":1,"5":1,"6":1,"7":1,"8":1,"9":0},"b":{"0":[1,0],"1":[0,1],"2":[0,1],"3":[0,1],"4":[0,1],"5":[1,0],"6":[0,0],"7":[0,1],"8":[1,1]},"_coverageSchema":"1a1c01bbd47fc00a2c39e90264f33305004495a9","hash":"446aadb7487676e324b8af40131a24ecb645a551"}
,"/Users/thomasbutterworth/hobbyspace/calculator-rn/src/store/calculatorStore/types.ts": {"path":"/Users/thomasbutterworth/hobbyspace/calculator-rn/src/store/calculatorStore/types.ts","statementMap":{"0":{"start":{"line":44,"column":72},"end":{"line":50,"column":1}}},"fnMap":{},"branchMap":{},"s":{"0":1},"f":{},"b":{},"_coverageSchema":"1a1c01bbd47fc00a2c39e90264f33305004495a9","hash":"30ed3817c46b59751227179a611e6999ec29442d"}
,"/Users/thomasbutterworth/hobbyspace/calculator-rn/src/store/calculatorStore/utils.ts": {"path":"/Users/thomasbutterworth/hobbyspace/calculator-rn/src/store/calculatorStore/utils.ts","statementMap":{"0":{"start":{"line":1,"column":34},"end":{"line":18,"column":1}},"1":{"start":{"line":6,"column":2},"end":{"line":17,"column":3}},"2":{"start":{"line":8,"column":6},"end":{"line":8,"column":19}},"3":{"start":{"line":10,"column":6},"end":{"line":10,"column":19}},"4":{"start":{"line":12,"column":6},"end":{"line":12,"column":19}},"5":{"start":{"line":14,"column":6},"end":{"line":14,"column":19}},"6":{"start":{"line":16,"column":6},"end":{"line":16,"column":15}}},"fnMap":{"0":{"name":"(anonymous_0)","decl":{"start":{"line":1,"column":34},"end":{"line":1,"column":35}},"loc":{"start":{"line":5,"column":13},"end":{"line":18,"column":1}},"line":5}},"branchMap":{"0":{"loc":{"start":{"line":6,"column":2},"end":{"line":17,"column":3}},"type":"switch","locations":[{"start":{"line":7,"column":4},"end":{"line":8,"column":19}},{"start":{"line":9,"column":4},"end":{"line":10,"column":19}},{"start":{"line":11,"column":4},"end":{"line":12,"column":19}},{"start":{"line":13,"column":4},"end":{"line":14,"column":19}},{"start":{"line":15,"column":4},"end":{"line":16,"column":15}}],"line":6}},"s":{"0":2,"1":6,"2":2,"3":1,"4":1,"5":1,"6":1},"f":{"0":6},"b":{"0":[2,1,1,1,1]},"_coverageSchema":"1a1c01bbd47fc00a2c39e90264f33305004495a9","hash":"bafcf4391ae9625a0925e20befab29eeb27f0cc4"}
,"/Users/thomasbutterworth/hobbyspace/calculator-rn/src/utils/index.ts": {"path":"/Users/thomasbutterworth/hobbyspace/calculator-rn/src/utils/index.ts","statementMap":{"0":{"start":{"line":1,"column":18},"end":{"line":1,"column":57}},"1":{"start":{"line":3,"column":35},"end":{"line":4,"column":33}},"2":{"start":{"line":4,"column":2},"end":{"line":4,"column":33}},"3":{"start":{"line":6,"column":29},"end":{"line":13,"column":1}},"4":{"start":{"line":7,"column":24},"end":{"line":7,"column":40}},"5":{"start":{"line":8,"column":27},"end":{"line":11,"column":37}},"6":{"start":{"line":12,"column":2},"end":{"line":12,"column":26}},"7":{"start":{"line":15,"column":29},"end":{"line":19,"column":1}},"8":{"start":{"line":16,"column":2},"end":{"line":16,"column":44}},"9":{"start":{"line":16,"column":32},"end":{"line":16,"column":44}},"10":{"start":{"line":17,"column":20},"end":{"line":17,"column":62}},"11":{"start":{"line":18,"column":2},"end":{"line":18,"column":27}},"12":{"start":{"line":21,"column":28},"end":{"line":37,"column":1}},"13":{"start":{"line":32,"column":14},"end":{"line":32,"column":38}},"14":{"start":{"line":33,"column":27},"end":{"line":33,"column":36}},"15":{"start":{"line":34,"column":2},"end":{"line":34,"column":29}},"16":{"start":{"line":35,"column":2},"end":{"line":35,"column":22}},"17":{"start":{"line":36,"column":2},"end":{"line":36,"column":43}}},"fnMap":{"0":{"name":"(anonymous_0)","decl":{"start":{"line":3,"column":35},"end":{"line":3,"column":36}},"loc":{"start":{"line":4,"column":2},"end":{"line":4,"column":33}},"line":4},"1":{"name":"(anonymous_1)","decl":{"start":{"line":6,"column":29},"end":{"line":6,"column":30}},"loc":{"start":{"line":6,"column":52},"end":{"line":13,"column":1}},"line":6},"2":{"name":"(anonymous_2)","decl":{"start":{"line":15,"column":29},"end":{"line":15,"column":30}},"loc":{"start":{"line":15,"column":66},"end":{"line":19,"column":1}},"line":15},"3":{"name":"(anonymous_3)","decl":{"start":{"line":21,"column":28},"end":{"line":21,"column":29}},"loc":{"start":{"line":31,"column":6},"end":{"line":37,"column":1}},"line":31}},"branchMap":{"0":{"loc":{"start":{"line":4,"column":16},"end":{"line":4,"column":32}},"type":"binary-expr","locations":[{"start":{"line":4,"column":16},"end":{"line":4,"column":26}},{"start":{"line":4,"column":30},"end":{"line":4,"column":32}}],"line":4},"1":{"loc":{"start":{"line":16,"column":2},"end":{"line":16,"column":44}},"type":"if","locations":[{"start":{"line":16,"column":2},"end":{"line":16,"column":44}},{"start":{},"end":{}}],"line":16}},"s":{"0":3,"1":3,"2":1,"3":3,"4":11,"5":11,"6":11,"7":3,"8":6,"9":3,"10":3,"11":3,"12":3,"13":0,"14":0,"15":0,"16":0,"17":0},"f":{"0":1,"1":11,"2":6,"3":0},"b":{"0":[1,0],"1":[3,3]},"_coverageSchema":"1a1c01bbd47fc00a2c39e90264f33305004495a9","hash":"6ea6d3a530b6857545ec8cbe325aa2d6b667d5fb"}
}
