{"/Users/thomasbutterworth/hobbyspace/calculator-rn/constants/Colors.ts": {"path":"/Users/thomasbutterworth/hobbyspace/calculator-rn/constants/Colors.ts","statementMap":{"0":{"start":{"line":1,"column":23},"end":{"line":1,"column":32}},"1":{"start":{"line":2,"column":22},"end":{"line":2,"column":28}},"2":{"start":{"line":4,"column":22},"end":{"line":35,"column":1}}},"fnMap":{},"branchMap":{},"s":{"0":1,"1":1,"2":1},"f":{},"b":{},"_coverageSchema":"1a1c01bbd47fc00a2c39e90264f33305004495a9","hash":"3cda0feb85a8159478e44b16f4a75cc284b589c0"}
,"/Users/thomasbutterworth/hobbyspace/calculator-rn/src/hooks/useButtonLayout.ts": {"path":"/Users/thomasbutterworth/hobbyspace/calculator-rn/src/hooks/useButtonLayout.ts","statementMap":{"0":{"start":{"line":8,"column":31},"end":{"line":97,"column":1}},"1":{"start":{"line":16,"column":22},"end":{"line":16,"column":38}},"2":{"start":{"line":17,"column":16},"end":{"line":17,"column":57}},"3":{"start":{"line":18,"column":24},"end":{"line":22,"column":4}},"4":{"start":{"line":23,"column":49},"end":{"line":28,"column":3}},"5":{"start":{"line":30,"column":2},"end":{"line":96,"column":4}},"6":{"start":{"line":47,"column":23},"end":{"line":47,"column":40}},"7":{"start":{"line":53,"column":35},"end":{"line":53,"column":51}},"8":{"start":{"line":54,"column":35},"end":{"line":54,"column":51}},"9":{"start":{"line":55,"column":35},"end":{"line":55,"column":51}},"10":{"start":{"line":58,"column":23},"end":{"line":58,"column":40}},"11":{"start":{"line":64,"column":35},"end":{"line":64,"column":51}},"12":{"start":{"line":65,"column":35},"end":{"line":65,"column":51}},"13":{"start":{"line":66,"column":35},"end":{"line":66,"column":51}},"14":{"start":{"line":69,"column":23},"end":{"line":69,"column":40}},"15":{"start":{"line":75,"column":35},"end":{"line":75,"column":51}},"16":{"start":{"line":76,"column":35},"end":{"line":76,"column":51}},"17":{"start":{"line":77,"column":35},"end":{"line":77,"column":51}},"18":{"start":{"line":80,"column":23},"end":{"line":80,"column":40}},"19":{"start":{"line":86,"column":35},"end":{"line":86,"column":51}},"20":{"start":{"line":87,"column":35},"end":{"line":87,"column":51}}},"fnMap":{"0":{"name":"(anonymous_0)","decl":{"start":{"line":8,"column":31},"end":{"line":8,"column":32}},"loc":{"start":{"line":15,"column":32},"end":{"line":97,"column":1}},"line":15},"1":{"name":"(anonymous_1)","decl":{"start":{"line":47,"column":17},"end":{"line":47,"column":18}},"loc":{"start":{"line":47,"column":23},"end":{"line":47,"column":40}},"line":47},"2":{"name":"(anonymous_2)","decl":{"start":{"line":53,"column":29},"end":{"line":53,"column":30}},"loc":{"start":{"line":53,"column":35},"end":{"line":53,"column":51}},"line":53},"3":{"name":"(anonymous_3)","decl":{"start":{"line":54,"column":29},"end":{"line":54,"column":30}},"loc":{"start":{"line":54,"column":35},"end":{"line":54,"column":51}},"line":54},"4":{"name":"(anonymous_4)","decl":{"start":{"line":55,"column":29},"end":{"line":55,"column":30}},"loc":{"start":{"line":55,"column":35},"end":{"line":55,"column":51}},"line":55},"5":{"name":"(anonymous_5)","decl":{"start":{"line":58,"column":17},"end":{"line":58,"column":18}},"loc":{"start":{"line":58,"column":23},"end":{"line":58,"column":40}},"line":58},"6":{"name":"(anonymous_6)","decl":{"start":{"line":64,"column":29},"end":{"line":64,"column":30}},"loc":{"start":{"line":64,"column":35},"end":{"line":64,"column":51}},"line":64},"7":{"name":"(anonymous_7)","decl":{"start":{"line":65,"column":29},"end":{"line":65,"column":30}},"loc":{"start":{"line":65,"column":35},"end":{"line":65,"column":51}},"line":65},"8":{"name":"(anonymous_8)","decl":{"start":{"line":66,"column":29},"end":{"line":66,"column":30}},"loc":{"start":{"line":66,"column":35},"end":{"line":66,"column":51}},"line":66},"9":{"name":"(anonymous_9)","decl":{"start":{"line":69,"column":17},"end":{"line":69,"column":18}},"loc":{"start":{"line":69,"column":23},"end":{"line":69,"column":40}},"line":69},"10":{"name":"(anonymous_10)","decl":{"start":{"line":75,"column":29},"end":{"line":75,"column":30}},"loc":{"start":{"line":75,"column":35},"end":{"line":75,"column":51}},"line":75},"11":{"name":"(anonymous_11)","decl":{"start":{"line":76,"column":29},"end":{"line":76,"column":30}},"loc":{"start":{"line":76,"column":35},"end":{"line":76,"column":51}},"line":76},"12":{"name":"(anonymous_12)","decl":{"start":{"line":77,"column":29},"end":{"line":77,"column":30}},"loc":{"start":{"line":77,"column":35},"end":{"line":77,"column":51}},"line":77},"13":{"name":"(anonymous_13)","decl":{"start":{"line":80,"column":17},"end":{"line":80,"column":18}},"loc":{"start":{"line":80,"column":23},"end":{"line":80,"column":40}},"line":80},"14":{"name":"(anonymous_14)","decl":{"start":{"line":86,"column":29},"end":{"line":86,"column":30}},"loc":{"start":{"line":86,"column":35},"end":{"line":86,"column":51}},"line":86},"15":{"name":"(anonymous_15)","decl":{"start":{"line":87,"column":29},"end":{"line":87,"column":30}},"loc":{"start":{"line":87,"column":35},"end":{"line":87,"column":51}},"line":87}},"branchMap":{"0":{"loc":{"start":{"line":17,"column":23},"end":{"line":17,"column":45}},"type":"binary-expr","locations":[{"start":{"line":17,"column":23},"end":{"line":17,"column":34}},{"start":{"line":17,"column":38},"end":{"line":17,"column":45}}],"line":17}},"s":{"0":1,"1":4,"2":4,"3":4,"4":4,"5":4,"6":1,"7":1,"8":1,"9":1,"10":1,"11":1,"12":1,"13":1,"14":1,"15":1,"16":1,"17":1,"18":1,"19":1,"20":1},"f":{"0":4,"1":1,"2":1,"3":1,"4":1,"5":1,"6":1,"7":1,"8":1,"9":1,"10":1,"11":1,"12":1,"13":1,"14":1,"15":1},"b":{"0":[4,0]},"_coverageSchema":"1a1c01bbd47fc00a2c39e90264f33305004495a9","hash":"3916c2c51b31e13fd6b2dadd591f0f840ba30479"}
,"/Users/thomasbutterworth/hobbyspace/calculator-rn/src/store/calculatorStore/types.ts": {"path":"/Users/thomasbutterworth/hobbyspace/calculator-rn/src/store/calculatorStore/types.ts","statementMap":{"0":{"start":{"line":46,"column":72},"end":{"line":53,"column":1}}},"fnMap":{},"branchMap":{},"s":{"0":1},"f":{},"b":{},"_coverageSchema":"1a1c01bbd47fc00a2c39e90264f33305004495a9","hash":"f78dd9f085bf0b64cc20c4fc2c12e4e232866da7"}
,"/Users/thomasbutterworth/hobbyspace/calculator-rn/src/store/calculatorStore/utils.ts": {"path":"/Users/thomasbutterworth/hobbyspace/calculator-rn/src/store/calculatorStore/utils.ts","statementMap":{"0":{"start":{"line":1,"column":34},"end":{"line":18,"column":1}},"1":{"start":{"line":6,"column":2},"end":{"line":17,"column":3}},"2":{"start":{"line":8,"column":6},"end":{"line":8,"column":19}},"3":{"start":{"line":10,"column":6},"end":{"line":10,"column":19}},"4":{"start":{"line":12,"column":6},"end":{"line":12,"column":19}},"5":{"start":{"line":14,"column":6},"end":{"line":14,"column":19}},"6":{"start":{"line":16,"column":6},"end":{"line":16,"column":15}}},"fnMap":{"0":{"name":"(anonymous_0)","decl":{"start":{"line":1,"column":34},"end":{"line":1,"column":35}},"loc":{"start":{"line":5,"column":13},"end":{"line":18,"column":1}},"line":5}},"branchMap":{"0":{"loc":{"start":{"line":6,"column":2},"end":{"line":17,"column":3}},"type":"switch","locations":[{"start":{"line":7,"column":4},"end":{"line":8,"column":19}},{"start":{"line":9,"column":4},"end":{"line":10,"column":19}},{"start":{"line":11,"column":4},"end":{"line":12,"column":19}},{"start":{"line":13,"column":4},"end":{"line":14,"column":19}},{"start":{"line":15,"column":4},"end":{"line":16,"column":15}}],"line":6}},"s":{"0":2,"1":6,"2":2,"3":1,"4":1,"5":1,"6":1},"f":{"0":6},"b":{"0":[2,1,1,1,1]},"_coverageSchema":"1a1c01bbd47fc00a2c39e90264f33305004495a9","hash":"bafcf4391ae9625a0925e20befab29eeb27f0cc4"}
,"/Users/thomasbutterworth/hobbyspace/calculator-rn/src/store/calculatorStore/handlers/handleAppendDigit.ts": {"path":"/Users/thomasbutterworth/hobbyspace/calculator-rn/src/store/calculatorStore/handlers/handleAppendDigit.ts","statementMap":{"0":{"start":{"line":3,"column":33},"end":{"line":36,"column":1}},"1":{"start":{"line":9,"column":6},"end":{"line":9,"column":11}},"2":{"start":{"line":10,"column":23},"end":{"line":10,"column":43}},"3":{"start":{"line":12,"column":25},"end":{"line":12,"column":64}},"4":{"start":{"line":13,"column":25},"end":{"line":13,"column":53}},"5":{"start":{"line":15,"column":2},"end":{"line":22,"column":3}},"6":{"start":{"line":16,"column":4},"end":{"line":20,"column":7}},"7":{"start":{"line":21,"column":4},"end":{"line":21,"column":11}},"8":{"start":{"line":24,"column":2},"end":{"line":35,"column":3}},"9":{"start":{"line":25,"column":4},"end":{"line":29,"column":7}},"10":{"start":{"line":31,"column":4},"end":{"line":34,"column":7}}},"fnMap":{"0":{"name":"(anonymous_0)","decl":{"start":{"line":3,"column":33},"end":{"line":3,"column":34}},"loc":{"start":{"line":3,"column":76},"end":{"line":36,"column":1}},"line":3}},"branchMap":{"0":{"loc":{"start":{"line":12,"column":25},"end":{"line":12,"column":64}},"type":"cond-expr","locations":[{"start":{"line":12,"column":40},"end":{"line":12,"column":43}},{"start":{"line":12,"column":46},"end":{"line":12,"column":64}}],"line":12},"1":{"loc":{"start":{"line":15,"column":2},"end":{"line":22,"column":3}},"type":"if","locations":[{"start":{"line":15,"column":2},"end":{"line":22,"column":3}},{"start":{},"end":{}}],"line":15},"2":{"loc":{"start":{"line":24,"column":2},"end":{"line":35,"column":3}},"type":"if","locations":[{"start":{"line":24,"column":2},"end":{"line":35,"column":3}},{"start":{"line":30,"column":9},"end":{"line":35,"column":3}}],"line":24}},"s":{"0":1,"1":1,"2":1,"3":1,"4":1,"5":1,"6":0,"7":0,"8":1,"9":0,"10":1},"f":{"0":1},"b":{"0":[1,0],"1":[0,1],"2":[0,1]},"_coverageSchema":"1a1c01bbd47fc00a2c39e90264f33305004495a9","hash":"63d8f99d41107a345e16e9a9eb4005aac523c769"}
,"/Users/thomasbutterworth/hobbyspace/calculator-rn/src/store/calculatorStore/handlers/handleCalculate.ts": {"path":"/Users/thomasbutterworth/hobbyspace/calculator-rn/src/store/calculatorStore/handlers/handleCalculate.ts","statementMap":{"0":{"start":{"line":5,"column":31},"end":{"line":32,"column":1}},"1":{"start":{"line":12,"column":6},"end":{"line":12,"column":11}},"2":{"start":{"line":13,"column":2},"end":{"line":13,"column":50}},"3":{"start":{"line":13,"column":43},"end":{"line":13,"column":50}},"4":{"start":{"line":15,"column":24},"end":{"line":15,"column":48}},"5":{"start":{"line":16,"column":17},"end":{"line":16,"column":75}},"6":{"start":{"line":17,"column":23},"end":{"line":17,"column":40}},"7":{"start":{"line":18,"column":33},"end":{"line":21,"column":3}},"8":{"start":{"line":23,"column":2},"end":{"line":31,"column":5}}},"fnMap":{"0":{"name":"(anonymous_0)","decl":{"start":{"line":5,"column":31},"end":{"line":5,"column":32}},"loc":{"start":{"line":5,"column":74},"end":{"line":32,"column":1}},"line":5}},"branchMap":{"0":{"loc":{"start":{"line":13,"column":2},"end":{"line":13,"column":50}},"type":"if","locations":[{"start":{"line":13,"column":2},"end":{"line":13,"column":50}},{"start":{},"end":{}}],"line":13},"1":{"loc":{"start":{"line":13,"column":6},"end":{"line":13,"column":41}},"type":"binary-expr","locations":[{"start":{"line":13,"column":6},"end":{"line":13,"column":27}},{"start":{"line":13,"column":31},"end":{"line":13,"column":41}}],"line":13}},"s":{"0":1,"1":1,"2":1,"3":0,"4":1,"5":1,"6":1,"7":1,"8":1},"f":{"0":1},"b":{"0":[0,1],"1":[1,1]},"_coverageSchema":"1a1c01bbd47fc00a2c39e90264f33305004495a9","hash":"ce5a3c8ba82799a1e038f84ceb3bef8980874614"}
,"/Users/thomasbutterworth/hobbyspace/calculator-rn/src/store/calculatorStore/handlers/handleClear.ts": {"path":"/Users/thomasbutterworth/hobbyspace/calculator-rn/src/store/calculatorStore/handlers/handleClear.ts","statementMap":{"0":{"start":{"line":3,"column":27},"end":{"line":5,"column":1}},"1":{"start":{"line":4,"column":2},"end":{"line":4,"column":20}}},"fnMap":{"0":{"name":"(anonymous_0)","decl":{"start":{"line":3,"column":27},"end":{"line":3,"column":28}},"loc":{"start":{"line":3,"column":54},"end":{"line":5,"column":1}},"line":3}},"branchMap":{},"s":{"0":1,"1":1},"f":{"0":1},"b":{},"_coverageSchema":"1a1c01bbd47fc00a2c39e90264f33305004495a9","hash":"88ad4307cba0df4cdb12df6effd7bd4c8afe08a7"}
,"/Users/thomasbutterworth/hobbyspace/calculator-rn/src/store/calculatorStore/handlers/handlePercentage.ts": {"path":"/Users/thomasbutterworth/hobbyspace/calculator-rn/src/store/calculatorStore/handlers/handlePercentage.ts","statementMap":{"0":{"start":{"line":3,"column":32},"end":{"line":13,"column":1}},"1":{"start":{"line":4,"column":47},"end":{"line":4,"column":52}},"2":{"start":{"line":5,"column":14},"end":{"line":5,"column":38}},"3":{"start":{"line":6,"column":27},"end":{"line":6,"column":36}},"4":{"start":{"line":7,"column":33},"end":{"line":7,"column":60}},"5":{"start":{"line":9,"column":2},"end":{"line":12,"column":5}}},"fnMap":{"0":{"name":"(anonymous_0)","decl":{"start":{"line":3,"column":32},"end":{"line":3,"column":33}},"loc":{"start":{"line":3,"column":75},"end":{"line":13,"column":1}},"line":3}},"branchMap":{},"s":{"0":1,"1":0,"2":0,"3":0,"4":0,"5":0},"f":{"0":0},"b":{},"_coverageSchema":"1a1c01bbd47fc00a2c39e90264f33305004495a9","hash":"d2d487234891e531c7420fef5fff402fb77d67a0"}
,"/Users/thomasbutterworth/hobbyspace/calculator-rn/src/store/calculatorStore/handlers/handleRemoveDigit.ts": {"path":"/Users/thomasbutterworth/hobbyspace/calculator-rn/src/store/calculatorStore/handlers/handleRemoveDigit.ts","statementMap":{"0":{"start":{"line":3,"column":33},"end":{"line":19,"column":1}},"1":{"start":{"line":4,"column":47},"end":{"line":4,"column":52}},"2":{"start":{"line":6,"column":2},"end":{"line":18,"column":3}},"3":{"start":{"line":7,"column":4},"end":{"line":10,"column":7}},"4":{"start":{"line":12,"column":23},"end":{"line":12,"column":48}},"5":{"start":{"line":13,"column":23},"end":{"line":13,"column":54}},"6":{"start":{"line":14,"column":4},"end":{"line":17,"column":7}}},"fnMap":{"0":{"name":"(anonymous_0)","decl":{"start":{"line":3,"column":33},"end":{"line":3,"column":34}},"loc":{"start":{"line":3,"column":76},"end":{"line":19,"column":1}},"line":3}},"branchMap":{"0":{"loc":{"start":{"line":6,"column":2},"end":{"line":18,"column":3}},"type":"if","locations":[{"start":{"line":6,"column":2},"end":{"line":18,"column":3}},{"start":{"line":11,"column":9},"end":{"line":18,"column":3}}],"line":6}},"s":{"0":1,"1":1,"2":1,"3":0,"4":1,"5":1,"6":1},"f":{"0":1},"b":{"0":[0,1]},"_coverageSchema":"1a1c01bbd47fc00a2c39e90264f33305004495a9","hash":"16267e155b9378fb1b426fedd8084389e0923beb"}
,"/Users/thomasbutterworth/hobbyspace/calculator-rn/src/store/calculatorStore/handlers/handleResetCalculationHistory.ts": {"path":"/Users/thomasbutterworth/hobbyspace/calculator-rn/src/store/calculatorStore/handlers/handleResetCalculationHistory.ts","statementMap":{"0":{"start":{"line":3,"column":45},"end":{"line":4,"column":33}},"1":{"start":{"line":4,"column":2},"end":{"line":4,"column":33}}},"fnMap":{"0":{"name":"(anonymous_0)","decl":{"start":{"line":3,"column":45},"end":{"line":3,"column":46}},"loc":{"start":{"line":4,"column":2},"end":{"line":4,"column":33}},"line":4}},"branchMap":{},"s":{"0":1,"1":1},"f":{"0":1},"b":{},"_coverageSchema":"1a1c01bbd47fc00a2c39e90264f33305004495a9","hash":"511da69924c0e48ed644e00ce304ea6815008c9b"}
,"/Users/thomasbutterworth/hobbyspace/calculator-rn/src/store/calculatorStore/handlers/handleResetDisplayValue.ts": {"path":"/Users/thomasbutterworth/hobbyspace/calculator-rn/src/store/calculatorStore/handlers/handleResetDisplayValue.ts","statementMap":{"0":{"start":{"line":3,"column":39},"end":{"line":5,"column":1}},"1":{"start":{"line":4,"column":2},"end":{"line":4,"column":29}}},"fnMap":{"0":{"name":"(anonymous_0)","decl":{"start":{"line":3,"column":39},"end":{"line":3,"column":40}},"loc":{"start":{"line":3,"column":66},"end":{"line":5,"column":1}},"line":3}},"branchMap":{},"s":{"0":1,"1":0},"f":{"0":0},"b":{},"_coverageSchema":"1a1c01bbd47fc00a2c39e90264f33305004495a9","hash":"addd6c47d9f89c87699aa09ee69fba040da96155"}
,"/Users/thomasbutterworth/hobbyspace/calculator-rn/src/store/calculatorStore/handlers/handleSetCalculationHistory.ts": {"path":"/Users/thomasbutterworth/hobbyspace/calculator-rn/src/store/calculatorStore/handlers/handleSetCalculationHistory.ts","statementMap":{"0":{"start":{"line":3,"column":43},"end":{"line":10,"column":1}},"1":{"start":{"line":8,"column":33},"end":{"line":8,"column":38}},"2":{"start":{"line":9,"column":2},"end":{"line":9,"column":60}}},"fnMap":{"0":{"name":"(anonymous_0)","decl":{"start":{"line":3,"column":43},"end":{"line":3,"column":44}},"loc":{"start":{"line":7,"column":26},"end":{"line":10,"column":1}},"line":7}},"branchMap":{},"s":{"0":1,"1":1,"2":1},"f":{"0":1},"b":{},"_coverageSchema":"1a1c01bbd47fc00a2c39e90264f33305004495a9","hash":"a3f799c7788c34d5a4823c08c0a199d1fd1c19b6"}
,"/Users/thomasbutterworth/hobbyspace/calculator-rn/src/store/calculatorStore/handlers/handleSetExpressionHistory.ts": {"path":"/Users/thomasbutterworth/hobbyspace/calculator-rn/src/store/calculatorStore/handlers/handleSetExpressionHistory.ts","statementMap":{"0":{"start":{"line":3,"column":42},"end":{"line":10,"column":1}},"1":{"start":{"line":8,"column":32},"end":{"line":8,"column":37}},"2":{"start":{"line":9,"column":2},"end":{"line":9,"column":58}}},"fnMap":{"0":{"name":"(anonymous_0)","decl":{"start":{"line":3,"column":42},"end":{"line":3,"column":43}},"loc":{"start":{"line":7,"column":26},"end":{"line":10,"column":1}},"line":7}},"branchMap":{},"s":{"0":1,"1":1,"2":1},"f":{"0":1},"b":{},"_coverageSchema":"1a1c01bbd47fc00a2c39e90264f33305004495a9","hash":"45b51c3608a9ca506252e5d1bbd94de0452a506d"}
,"/Users/thomasbutterworth/hobbyspace/calculator-rn/src/store/calculatorStore/handlers/handleSetOperation.ts": {"path":"/Users/thomasbutterworth/hobbyspace/calculator-rn/src/store/calculatorStore/handlers/handleSetOperation.ts","statementMap":{"0":{"start":{"line":5,"column":34},"end":{"line":47,"column":1}},"1":{"start":{"line":12,"column":6},"end":{"line":12,"column":11}},"2":{"start":{"line":13,"column":21},"end":{"line":13,"column":45}},"3":{"start":{"line":14,"column":26},"end":{"line":14,"column":60}},"4":{"start":{"line":15,"column":26},"end":{"line":15,"column":60}},"5":{"start":{"line":16,"column":30},"end":{"line":16,"column":50}},"6":{"start":{"line":18,"column":2},"end":{"line":24,"column":3}},"7":{"start":{"line":19,"column":4},"end":{"line":22,"column":7}},"8":{"start":{"line":23,"column":4},"end":{"line":23,"column":11}},"9":{"start":{"line":26,"column":2},"end":{"line":26,"column":77}},"10":{"start":{"line":26,"column":70},"end":{"line":26,"column":77}},"11":{"start":{"line":28,"column":2},"end":{"line":28,"column":54}},"12":{"start":{"line":28,"column":47},"end":{"line":28,"column":54}},"13":{"start":{"line":30,"column":2},"end":{"line":46,"column":3}},"14":{"start":{"line":31,"column":4},"end":{"line":36,"column":7}},"15":{"start":{"line":37,"column":9},"end":{"line":46,"column":3}},"16":{"start":{"line":38,"column":19},"end":{"line":38,"column":74}},"17":{"start":{"line":39,"column":4},"end":{"line":45,"column":7}}},"fnMap":{"0":{"name":"(anonymous_0)","decl":{"start":{"line":5,"column":34},"end":{"line":5,"column":35}},"loc":{"start":{"line":5,"column":78},"end":{"line":47,"column":1}},"line":5}},"branchMap":{"0":{"loc":{"start":{"line":14,"column":26},"end":{"line":14,"column":60}},"type":"binary-expr","locations":[{"start":{"line":14,"column":26},"end":{"line":14,"column":46}},{"start":{"line":14,"column":50},"end":{"line":14,"column":60}}],"line":14},"1":{"loc":{"start":{"line":15,"column":26},"end":{"line":15,"column":60}},"type":"binary-expr","locations":[{"start":{"line":15,"column":26},"end":{"line":15,"column":46}},{"start":{"line":15,"column":50},"end":{"line":15,"column":60}}],"line":15},"2":{"loc":{"start":{"line":18,"column":2},"end":{"line":24,"column":3}},"type":"if","locations":[{"start":{"line":18,"column":2},"end":{"line":24,"column":3}},{"start":{},"end":{}}],"line":18},"3":{"loc":{"start":{"line":26,"column":2},"end":{"line":26,"column":77}},"type":"if","locations":[{"start":{"line":26,"column":2},"end":{"line":26,"column":77}},{"start":{},"end":{}}],"line":26},"4":{"loc":{"start":{"line":26,"column":6},"end":{"line":26,"column":68}},"type":"binary-expr","locations":[{"start":{"line":26,"column":6},"end":{"line":26,"column":25}},{"start":{"line":26,"column":29},"end":{"line":26,"column":44}},{"start":{"line":26,"column":48},"end":{"line":26,"column":68}}],"line":26},"5":{"loc":{"start":{"line":28,"column":2},"end":{"line":28,"column":54}},"type":"if","locations":[{"start":{"line":28,"column":2},"end":{"line":28,"column":54}},{"start":{},"end":{}}],"line":28},"6":{"loc":{"start":{"line":30,"column":2},"end":{"line":46,"column":3}},"type":"if","locations":[{"start":{"line":30,"column":2},"end":{"line":46,"column":3}},{"start":{"line":37,"column":9},"end":{"line":46,"column":3}}],"line":30},"7":{"loc":{"start":{"line":37,"column":9},"end":{"line":46,"column":3}},"type":"if","locations":[{"start":{"line":37,"column":9},"end":{"line":46,"column":3}},{"start":{},"end":{}}],"line":37}},"s":{"0":1,"1":3,"2":3,"3":3,"4":3,"5":3,"6":3,"7":1,"8":1,"9":2,"10":1,"11":1,"12":0,"13":1,"14":1,"15":0,"16":0,"17":0},"f":{"0":3},"b":{"0":[3,1],"1":[3,1],"2":[1,2],"3":[1,1],"4":[2,1,1],"5":[0,1],"6":[1,0],"7":[0,0]},"_coverageSchema":"1a1c01bbd47fc00a2c39e90264f33305004495a9","hash":"fdac31a0a6c03165e40a0393282e497a1ba10309"}
,"/Users/thomasbutterworth/hobbyspace/calculator-rn/src/store/calculatorStore/handlers/index.ts": {"path":"/Users/thomasbutterworth/hobbyspace/calculator-rn/src/store/calculatorStore/handlers/index.ts","statementMap":{},"fnMap":{},"branchMap":{},"s":{},"f":{},"b":{},"_coverageSchema":"1a1c01bbd47fc00a2c39e90264f33305004495a9","hash":"e0b8dfef31b31af14704483f175e319c46765df2"}
,"/Users/thomasbutterworth/hobbyspace/calculator-rn/src/utils/index.ts": {"path":"/Users/thomasbutterworth/hobbyspace/calculator-rn/src/utils/index.ts","statementMap":{"0":{"start":{"line":1,"column":18},"end":{"line":1,"column":57}},"1":{"start":{"line":3,"column":35},"end":{"line":4,"column":33}},"2":{"start":{"line":4,"column":2},"end":{"line":4,"column":33}},"3":{"start":{"line":6,"column":29},"end":{"line":13,"column":1}},"4":{"start":{"line":7,"column":24},"end":{"line":7,"column":40}},"5":{"start":{"line":8,"column":27},"end":{"line":11,"column":37}},"6":{"start":{"line":12,"column":2},"end":{"line":12,"column":26}},"7":{"start":{"line":15,"column":32},"end":{"line":22,"column":1}},"8":{"start":{"line":16,"column":27},"end":{"line":16,"column":49}},"9":{"start":{"line":17,"column":30},"end":{"line":20,"column":3}},"10":{"start":{"line":21,"column":2},"end":{"line":21,"column":29}},"11":{"start":{"line":24,"column":29},"end":{"line":28,"column":1}},"12":{"start":{"line":25,"column":2},"end":{"line":25,"column":44}},"13":{"start":{"line":25,"column":32},"end":{"line":25,"column":44}},"14":{"start":{"line":26,"column":20},"end":{"line":26,"column":62}},"15":{"start":{"line":27,"column":2},"end":{"line":27,"column":27}},"16":{"start":{"line":30,"column":37},"end":{"line":34,"column":1}},"17":{"start":{"line":31,"column":24},"end":{"line":31,"column":49}},"18":{"start":{"line":32,"column":27},"end":{"line":32,"column":58}},"19":{"start":{"line":33,"column":2},"end":{"line":33,"column":26}}},"fnMap":{"0":{"name":"(anonymous_0)","decl":{"start":{"line":3,"column":35},"end":{"line":3,"column":36}},"loc":{"start":{"line":4,"column":2},"end":{"line":4,"column":33}},"line":4},"1":{"name":"(anonymous_1)","decl":{"start":{"line":6,"column":29},"end":{"line":6,"column":30}},"loc":{"start":{"line":6,"column":52},"end":{"line":13,"column":1}},"line":6},"2":{"name":"(anonymous_2)","decl":{"start":{"line":15,"column":32},"end":{"line":15,"column":33}},"loc":{"start":{"line":15,"column":55},"end":{"line":22,"column":1}},"line":15},"3":{"name":"(anonymous_3)","decl":{"start":{"line":24,"column":29},"end":{"line":24,"column":30}},"loc":{"start":{"line":24,"column":66},"end":{"line":28,"column":1}},"line":24},"4":{"name":"(anonymous_4)","decl":{"start":{"line":30,"column":37},"end":{"line":30,"column":38}},"loc":{"start":{"line":30,"column":76},"end":{"line":34,"column":1}},"line":30}},"branchMap":{"0":{"loc":{"start":{"line":4,"column":16},"end":{"line":4,"column":32}},"type":"binary-expr","locations":[{"start":{"line":4,"column":16},"end":{"line":4,"column":26}},{"start":{"line":4,"column":30},"end":{"line":4,"column":32}}],"line":4},"1":{"loc":{"start":{"line":25,"column":2},"end":{"line":25,"column":44}},"type":"if","locations":[{"start":{"line":25,"column":2},"end":{"line":25,"column":44}},{"start":{},"end":{}}],"line":25}},"s":{"0":2,"1":2,"2":7,"3":2,"4":14,"5":14,"6":14,"7":2,"8":4,"9":4,"10":4,"11":2,"12":6,"13":3,"14":3,"15":3,"16":2,"17":2,"18":2,"19":2},"f":{"0":7,"1":14,"2":4,"3":6,"4":2},"b":{"0":[7,0],"1":[3,3]},"_coverageSchema":"1a1c01bbd47fc00a2c39e90264f33305004495a9","hash":"12949ff8b785cb82c3ec7997f8c4cf7b4ee94a22"}
}
